<?xml version="1.0" encoding="UTF-8"?>
<!-- Generated by org.testng.reporters.JUnitReportReporter -->
<testsuite skipped="4" hostname="DESKTOP-B75F35K" name="smokeTestFirefox.ValidateSmokeTest" tests="31" failures="0" timestamp="12 Jul 2018 09:47:18 GMT" time="4386.312" errors="0">
  <testcase name="ValidateLogin" time="88.022" classname="smokeTestFirefox.ValidateSmokeTest"/>
  <testcase name="ValidateSearching" time="40.326" classname="smokeTestFirefox.ValidateSmokeTest"/>
  <testcase name="ValidateAddToCart" time="-322.909" classname="smokeTestFirefox.ValidateSmokeTest"/>
  <testcase name="ValidatePDP" time="14.485" classname="smokeTestFirefox.ValidateSmokeTest"/>
  <testcase name="ValidateRecentViewLink" time="4.104" classname="smokeTestFirefox.ValidateSmokeTest"/>
  <testcase name="ValidateFooterLogo" time="9.328" classname="smokeTestFirefox.ValidateSmokeTest"/>
  <testcase name="ValidateMyProfNavigation" time="13.288" classname="smokeTestFirefox.ValidateSmokeTest"/>
  <testcase name="ValidateHeaderLogo" time="4.795" classname="smokeTestFirefox.ValidateSmokeTest"/>
  <testcase name="ValidateStandardsCatalog" time="12.795" classname="smokeTestFirefox.ValidateSmokeTest"/>
  <testcase name="ValidateStandardsCatalogDetail" time="18.663" classname="smokeTestFirefox.ValidateSmokeTest"/>
  <testcase name="ValidateAllProduct" time="11.425" classname="smokeTestFirefox.ValidateSmokeTest"/>
  <testcase name="ValidateAudioCablesCategory" time="14.504" classname="smokeTestFirefox.ValidateSmokeTest"/>
  <testcase name="ValidateResources" time="12.967" classname="smokeTestFirefox.ValidateSmokeTest"/>
  <testcase name="ValidateSpecialOffer" time="7.878" classname="smokeTestFirefox.ValidateSmokeTest"/>
  <testcase name="ValidateCartPage" time="5.668" classname="smokeTestFirefox.ValidateSmokeTest"/>
  <testcase name="ValidateCheckoutProcess" time="68.566" classname="smokeTestFirefox.ValidateSmokeTest"/>
  <testcase name="ValidateCheckoutHeaderLogo" time="5.909" classname="smokeTestFirefox.ValidateSmokeTest"/>
  <testcase name="ValidateCheckoutFooterLogo" time="4.749" classname="smokeTestFirefox.ValidateSmokeTest"/>
  <testcase name="ValidateFooterLinks" time="29.431" classname="smokeTestFirefox.ValidateSmokeTest"/>
  <testcase name="ValidateTrackpage" time="30.809" classname="smokeTestFirefox.ValidateSmokeTest"/>
  <testcase name="ValidateordersPage" time="21.660" classname="smokeTestFirefox.ValidateSmokeTest"/>
  <testcase name="ValidatePurchaseAnalysisPage" time="20.155" classname="smokeTestFirefox.ValidateSmokeTest"/>
  <testcase name="ValidatePAEmail" time="11.435" classname="smokeTestFirefox.ValidateSmokeTest"/>
  <testcase name="ValidateCalendarPage" time="5.937" classname="smokeTestFirefox.ValidateSmokeTest"/>
  <testcase name="ValidateCalendarLinks" time="4221.151" classname="smokeTestFirefox.ValidateSmokeTest"/>
  <testcase name="ValidateSavedReports" time="15.279" classname="smokeTestFirefox.ValidateSmokeTest"/>
  <testcase name="ValidateCompaePage" time="15.892" classname="smokeTestFirefox.ValidateSmokeTest"/>
  <testcase name="ValidateFavoriteIcon" classname="smokeTestFirefox.ValidateSmokeTest">
    <skipped/>
  </testcase> <!-- ValidateFavoriteIcon -->
  <testcase name="ValidateRemoveFromCart" classname="smokeTestFirefox.ValidateSmokeTest">
    <skipped/>
  </testcase> <!-- ValidateRemoveFromCart -->
  <testcase name="ValidateAddTofavorites" classname="smokeTestFirefox.ValidateSmokeTest">
    <skipped/>
  </testcase> <!-- ValidateAddTofavorites -->
  <testcase name="ValidateAllReportsLinks" classname="smokeTestFirefox.ValidateSmokeTest">
    <skipped/>
  </testcase> <!-- ValidateAllReportsLinks -->
</testsuite> <!-- smokeTestFirefox.ValidateSmokeTest -->
